USAGE
  blastp [-h] [-help] [-import_search_strategy filename]
    [-export_search_strategy filename] [-task task_name] [-db database_name]
    [-dbsize num_letters] [-gilist filename] [-seqidlist filename]
    [-negative_gilist filename] [-negative_seqidlist filename]
    [-taxids taxids] [-negative_taxids taxids] [-taxidlist filename]
    [-negative_taxidlist filename] [-ipglist filename]
    [-negative_ipglist filename] [-entrez_query entrez_query]
    [-db_soft_mask filtering_algorithm] [-db_hard_mask filtering_algorithm]
    [-subject subject_input_file] [-subject_loc range] [-query input_file]
    [-out output_file] [-evalue evalue] [-word_size int_value]
    [-gapopen open_penalty] [-gapextend extend_penalty]
    [-qcov_hsp_perc float_value] [-max_hsps int_value]
    [-xdrop_ungap float_value] [-xdrop_gap float_value]
    [-xdrop_gap_final float_value] [-searchsp int_value] [-seg SEG_options]
    [-soft_masking soft_masking] [-matrix matrix_name]
    [-threshold float_value] [-culling_limit int_value]
    [-best_hit_overhang float_value] [-best_hit_score_edge float_value]
    [-subject_besthit] [-window_size int_value] [-lcase_masking]
    [-query_loc range] [-parse_deflines] [-outfmt format] [-show_gis]
    [-num_descriptions int_value] [-num_alignments int_value]
    [-line_length line_length] [-html] [-sorthits sort_hits]
    [-sorthsps sort_hsps] [-max_target_seqs num_sequences]
    [-num_threads int_value] [-ungapped] [-remote] [-comp_based_stats compo]
    [-use_sw_tback] [-version]

DESCRIPTION
   Protein-Protein BLAST 2.9.0+

Use '-help' to print detailed descriptions of command line arguments
========================================================================

Error:  (CArgException::eSynopsis) Too many positional arguments (1), the offending value: blastp


Building a new DB, current time: 11/21/2022 13:33:21
New DB name:   /home/julia/Documents/GIT/Gene-Order-Workflow/work/98/7def56f53543e5c1800ee687921e08/fasta/baeR/SA20153980.fasta
New DB title:  fasta/baeR/SA20153980.fasta
Sequence type: Protein
Keep MBits: T
Maximum file size: 1000000000B
Adding sequences from FASTA; added 21 sequences in 0.00205684 seconds.
Blasting All-vs-All for fasta/baeR/SA20153980.fasta vs fasta/baeR/SA20153983.fasta...
Traceback (most recent call last):
  File "/home/julia/Documents/GIT/Gene-Order-Workflow/bin/clustering.py", line 602, in <module>
    sys.exit(main())
  File "/home/julia/Documents/GIT/Gene-Order-Workflow/bin/clustering.py", line 598, in main
    cluster_neighborhoods(args.FASTA_PATH, args.BLAST_PATH, args.OUTPUT_PATH, args.n)
  File "/home/julia/Documents/GIT/Gene-Order-Workflow/bin/clustering.py", line 482, in cluster_neighborhoods
    run_BLAST(full_genome_paths, root_path, dir_output_path)
  File "/home/julia/Documents/GIT/Gene-Order-Workflow/bin/clustering.py", line 86, in run_BLAST
    with open(file, 'r') as infile:
FileNotFoundError: [Errno 2] No such file or directory: 'SA20153980.blast.txt'
